2016-07-13 11:40:36 Error: [MissingControllerException] Controller class IndexController could not be found.
Exception Attributes: array (
  'class' => 'IndexController',
  'plugin' => NULL,
)
Request URL: /tabelog_clone/index
Stack Trace:
#0 /var/www/html/tabelog_clone/app/webroot/index.php(111): Dispatcher->dispatch(Object(CakeRequest), Object(CakeResponse))
#1 {main}
2016-07-13 11:40:55 Error: [MissingControllerException] Controller class IndexController could not be found.
Exception Attributes: array (
  'class' => 'IndexController',
  'plugin' => NULL,
)
Request URL: /tabelog_clone/index
Stack Trace:
#0 /var/www/html/tabelog_clone/app/webroot/index.php(111): Dispatcher->dispatch(Object(CakeRequest), Object(CakeResponse))
#1 {main}
2016-07-13 11:42:06 Error: [MissingControllerException] Controller class IndexController could not be found.
Exception Attributes: array (
  'class' => 'IndexController',
  'plugin' => NULL,
)
Request URL: /tabelog_clone/index
Stack Trace:
#0 /var/www/html/tabelog_clone/app/webroot/index.php(111): Dispatcher->dispatch(Object(CakeRequest), Object(CakeResponse))
#1 {main}
2016-07-13 12:02:17 Error: [MissingActionException] Action ShopsController::View() could not be found.
Exception Attributes: array (
  'controller' => 'ShopsController',
  'action' => 'View',
)
Request URL: /tabelog_clone/shops/View/1
Stack Trace:
#0 /var/www/html/tabelog_clone/lib/Cake/Routing/Dispatcher.php(193): Controller->invokeAction(Object(CakeRequest))
#1 /var/www/html/tabelog_clone/lib/Cake/Routing/Dispatcher.php(167): Dispatcher->_invoke(Object(ShopsController), Object(CakeRequest))
#2 /var/www/html/tabelog_clone/app/webroot/index.php(111): Dispatcher->dispatch(Object(CakeRequest), Object(CakeResponse))
#3 {main}
2016-07-13 12:25:56 Error: Fatal Error (4): syntax error, unexpected '->' (T_OBJECT_OPERATOR) in [/var/www/html/tabelog_clone/app/Controller/ShopsController.php, line 10]
2016-07-13 12:25:56 Error: [FatalErrorException] syntax error, unexpected '->' (T_OBJECT_OPERATOR)
Request URL: /tabelog_clone/shops/index
Stack Trace:
#0 /var/www/html/tabelog_clone/lib/Cake/Error/ErrorHandler.php(213): ErrorHandler::handleFatalError(4, 'syntax error, u...', '/var/www/html/t...', 10)
#1 [internal function]: ErrorHandler::handleError(4, 'syntax error, u...', '/var/www/html/t...', 10, Array)
#2 /var/www/html/tabelog_clone/lib/Cake/Core/App.php(970): call_user_func('ErrorHandler::h...', 4, 'syntax error, u...', '/var/www/html/t...', 10, Array)
#3 /var/www/html/tabelog_clone/lib/Cake/Core/App.php(943): App::_checkFatalError()
#4 [internal function]: App::shutdown()
#5 {main}
2016-07-13 12:28:07 Error: [NotFoundException] レストランが見つかりません
Request URL: /tabelog_clone/shops/View/99
Stack Trace:
#0 [internal function]: ShopsController->view('99')
#1 /var/www/html/tabelog_clone/lib/Cake/Controller/Controller.php(491): ReflectionMethod->invokeArgs(Object(ShopsController), Array)
#2 /var/www/html/tabelog_clone/lib/Cake/Routing/Dispatcher.php(193): Controller->invokeAction(Object(CakeRequest))
#3 /var/www/html/tabelog_clone/lib/Cake/Routing/Dispatcher.php(167): Dispatcher->_invoke(Object(ShopsController), Object(CakeRequest))
#4 /var/www/html/tabelog_clone/app/webroot/index.php(111): Dispatcher->dispatch(Object(CakeRequest), Object(CakeResponse))
#5 {main}
2016-07-13 12:45:54 Error: [MissingActionException] Action ShopsController::add() could not be found.
Exception Attributes: array (
  'controller' => 'ShopsController',
  'action' => 'add',
)
Request URL: /tabelog_clone/shops/add
Stack Trace:
#0 /var/www/html/tabelog_clone/lib/Cake/Routing/Dispatcher.php(193): Controller->invokeAction(Object(CakeRequest))
#1 /var/www/html/tabelog_clone/lib/Cake/Routing/Dispatcher.php(167): Dispatcher->_invoke(Object(ShopsController), Object(CakeRequest))
#2 /var/www/html/tabelog_clone/app/webroot/index.php(111): Dispatcher->dispatch(Object(CakeRequest), Object(CakeResponse))
#3 {main}
2016-07-13 12:46:37 Error: [MissingActionException] Action ShopsController::add() could not be found.
Exception Attributes: array (
  'controller' => 'ShopsController',
  'action' => 'add',
)
Request URL: /tabelog_clone/shops/add
Stack Trace:
#0 /var/www/html/tabelog_clone/lib/Cake/Routing/Dispatcher.php(193): Controller->invokeAction(Object(CakeRequest))
#1 /var/www/html/tabelog_clone/lib/Cake/Routing/Dispatcher.php(167): Dispatcher->_invoke(Object(ShopsController), Object(CakeRequest))
#2 /var/www/html/tabelog_clone/app/webroot/index.php(111): Dispatcher->dispatch(Object(CakeRequest), Object(CakeResponse))
#3 {main}
2016-07-13 13:11:06 Error: [MissingControllerException] Controller class AddController could not be found.
Exception Attributes: array (
  'class' => 'AddController',
  'plugin' => NULL,
)
Request URL: /tabelog_clone/add
Stack Trace:
#0 /var/www/html/tabelog_clone/app/webroot/index.php(111): Dispatcher->dispatch(Object(CakeRequest), Object(CakeResponse))
#1 {main}
2016-07-13 13:55:42 Error: [NotFoundException] レストランが見つかりません
Request URL: /tabelog_clone/shops/edit
Stack Trace:
#0 [internal function]: ShopsController->edit()
#1 /var/www/html/tabelog_clone/lib/Cake/Controller/Controller.php(491): ReflectionMethod->invokeArgs(Object(ShopsController), Array)
#2 /var/www/html/tabelog_clone/lib/Cake/Routing/Dispatcher.php(193): Controller->invokeAction(Object(CakeRequest))
#3 /var/www/html/tabelog_clone/lib/Cake/Routing/Dispatcher.php(167): Dispatcher->_invoke(Object(ShopsController), Object(CakeRequest))
#4 /var/www/html/tabelog_clone/app/webroot/index.php(111): Dispatcher->dispatch(Object(CakeRequest), Object(CakeResponse))
#5 {main}
2016-07-13 14:00:52 Error: Fatal Error (4): syntax error, unexpected end of file, expecting function (T_FUNCTION) in [/var/www/html/tabelog_clone/app/Controller/ShopsController.php, line 40]
2016-07-13 14:00:52 Error: [FatalErrorException] syntax error, unexpected end of file, expecting function (T_FUNCTION)
Request URL: /tabelog_clone/shops/edit/1
Stack Trace:
#0 /var/www/html/tabelog_clone/lib/Cake/Error/ErrorHandler.php(213): ErrorHandler::handleFatalError(4, 'syntax error, u...', '/var/www/html/t...', 40)
#1 [internal function]: ErrorHandler::handleError(4, 'syntax error, u...', '/var/www/html/t...', 40, Array)
#2 /var/www/html/tabelog_clone/lib/Cake/Core/App.php(970): call_user_func('ErrorHandler::h...', 4, 'syntax error, u...', '/var/www/html/t...', 40, Array)
#3 /var/www/html/tabelog_clone/lib/Cake/Core/App.php(943): App::_checkFatalError()
#4 [internal function]: App::shutdown()
#5 {main}
2016-07-13 14:00:55 Error: Fatal Error (4): syntax error, unexpected end of file, expecting function (T_FUNCTION) in [/var/www/html/tabelog_clone/app/Controller/ShopsController.php, line 40]
2016-07-13 14:00:55 Error: [FatalErrorException] syntax error, unexpected end of file, expecting function (T_FUNCTION)
Request URL: /tabelog_clone/shops/edit/1
Stack Trace:
#0 /var/www/html/tabelog_clone/lib/Cake/Error/ErrorHandler.php(213): ErrorHandler::handleFatalError(4, 'syntax error, u...', '/var/www/html/t...', 40)
#1 [internal function]: ErrorHandler::handleError(4, 'syntax error, u...', '/var/www/html/t...', 40, Array)
#2 /var/www/html/tabelog_clone/lib/Cake/Core/App.php(970): call_user_func('ErrorHandler::h...', 4, 'syntax error, u...', '/var/www/html/t...', 40, Array)
#3 /var/www/html/tabelog_clone/lib/Cake/Core/App.php(943): App::_checkFatalError()
#4 [internal function]: App::shutdown()
#5 {main}
2016-07-13 14:08:07 Error: [NotFoundException] レストランが見つかりません
Request URL: /tabelog_clone/shops/edit/0
Stack Trace:
#0 [internal function]: ShopsController->edit('0')
#1 /var/www/html/tabelog_clone/lib/Cake/Controller/Controller.php(491): ReflectionMethod->invokeArgs(Object(ShopsController), Array)
#2 /var/www/html/tabelog_clone/lib/Cake/Routing/Dispatcher.php(193): Controller->invokeAction(Object(CakeRequest))
#3 /var/www/html/tabelog_clone/lib/Cake/Routing/Dispatcher.php(167): Dispatcher->_invoke(Object(ShopsController), Object(CakeRequest))
#4 /var/www/html/tabelog_clone/app/webroot/index.php(111): Dispatcher->dispatch(Object(CakeRequest), Object(CakeResponse))
#5 {main}
2016-07-13 14:11:49 Error: [NotFoundException] レストランが見つかりません
Request URL: /tabelog_clone/shops/edit/0
Stack Trace:
#0 [internal function]: ShopsController->edit('0')
#1 /var/www/html/tabelog_clone/lib/Cake/Controller/Controller.php(491): ReflectionMethod->invokeArgs(Object(ShopsController), Array)
#2 /var/www/html/tabelog_clone/lib/Cake/Routing/Dispatcher.php(193): Controller->invokeAction(Object(CakeRequest))
#3 /var/www/html/tabelog_clone/lib/Cake/Routing/Dispatcher.php(167): Dispatcher->_invoke(Object(ShopsController), Object(CakeRequest))
#4 /var/www/html/tabelog_clone/app/webroot/index.php(111): Dispatcher->dispatch(Object(CakeRequest), Object(CakeResponse))
#5 {main}
2016-07-13 14:38:48 Error: [MethodNotAllowedException] Method Not Allowed
Request URL: /tabelog_clone/shops/delete/1
Stack Trace:
#0 /var/www/html/tabelog_clone/app/Controller/ShopsController.php(47): CakeRequest->allowMethod('post', 'delete')
#1 [internal function]: ShopsController->delete('1')
#2 /var/www/html/tabelog_clone/lib/Cake/Controller/Controller.php(491): ReflectionMethod->invokeArgs(Object(ShopsController), Array)
#3 /var/www/html/tabelog_clone/lib/Cake/Routing/Dispatcher.php(193): Controller->invokeAction(Object(CakeRequest))
#4 /var/www/html/tabelog_clone/lib/Cake/Routing/Dispatcher.php(167): Dispatcher->_invoke(Object(ShopsController), Object(CakeRequest))
#5 /var/www/html/tabelog_clone/app/webroot/index.php(111): Dispatcher->dispatch(Object(CakeRequest), Object(CakeResponse))
#6 {main}
2016-07-13 14:40:42 Error: [NotFoundException] レストランが見つかりません
Request URL: /tabelog_clone/shops/delete/
Stack Trace:
#0 [internal function]: ShopsController->delete()
#1 /var/www/html/tabelog_clone/lib/Cake/Controller/Controller.php(491): ReflectionMethod->invokeArgs(Object(ShopsController), Array)
#2 /var/www/html/tabelog_clone/lib/Cake/Routing/Dispatcher.php(193): Controller->invokeAction(Object(CakeRequest))
#3 /var/www/html/tabelog_clone/lib/Cake/Routing/Dispatcher.php(167): Dispatcher->_invoke(Object(ShopsController), Object(CakeRequest))
#4 /var/www/html/tabelog_clone/app/webroot/index.php(111): Dispatcher->dispatch(Object(CakeRequest), Object(CakeResponse))
#5 {main}
2016-07-13 14:40:50 Error: Fatal Error (4): syntax error, unexpected ')', expecting ']' in [/var/www/html/tabelog_clone/app/View/Shops/index.ctp, line 17]
2016-07-13 14:40:50 Error: [FatalErrorException] syntax error, unexpected ')', expecting ']'
Request URL: /tabelog_clone/shops/
Stack Trace:
#0 /var/www/html/tabelog_clone/lib/Cake/Error/ErrorHandler.php(213): ErrorHandler::handleFatalError(4, 'syntax error, u...', '/var/www/html/t...', 17)
#1 [internal function]: ErrorHandler::handleError(4, 'syntax error, u...', '/var/www/html/t...', 17, Array)
#2 /var/www/html/tabelog_clone/lib/Cake/Core/App.php(970): call_user_func('ErrorHandler::h...', 4, 'syntax error, u...', '/var/www/html/t...', 17, Array)
#3 /var/www/html/tabelog_clone/lib/Cake/Core/App.php(943): App::_checkFatalError()
#4 [internal function]: App::shutdown()
#5 {main}
2016-07-13 15:02:53 Error: Fatal Error (4): syntax error, unexpected 'public' (T_PUBLIC), expecting ',' or ';' in [/var/www/html/tabelog_clone/app/Controller/ShopsController.php, line 9]
2016-07-13 15:02:53 Error: [FatalErrorException] syntax error, unexpected 'public' (T_PUBLIC), expecting ',' or ';'
Request URL: /tabelog_clone/shops
Stack Trace:
#0 /var/www/html/tabelog_clone/lib/Cake/Error/ErrorHandler.php(213): ErrorHandler::handleFatalError(4, 'syntax error, u...', '/var/www/html/t...', 9)
#1 [internal function]: ErrorHandler::handleError(4, 'syntax error, u...', '/var/www/html/t...', 9, Array)
#2 /var/www/html/tabelog_clone/lib/Cake/Core/App.php(970): call_user_func('ErrorHandler::h...', 4, 'syntax error, u...', '/var/www/html/t...', 9, Array)
#3 /var/www/html/tabelog_clone/lib/Cake/Core/App.php(943): App::_checkFatalError()
#4 [internal function]: App::shutdown()
#5 {main}
2016-07-13 15:10:04 Error: Fatal Error (4): syntax error, unexpected 'public' (T_PUBLIC), expecting ',' or ';' in [/var/www/html/tabelog_clone/app/Controller/ShopsController.php, line 9]
2016-07-13 15:10:04 Error: [FatalErrorException] syntax error, unexpected 'public' (T_PUBLIC), expecting ',' or ';'
Request URL: /tabelog_clone/shops
Stack Trace:
#0 /var/www/html/tabelog_clone/lib/Cake/Error/ErrorHandler.php(213): ErrorHandler::handleFatalError(4, 'syntax error, u...', '/var/www/html/t...', 9)
#1 [internal function]: ErrorHandler::handleError(4, 'syntax error, u...', '/var/www/html/t...', 9, Array)
#2 /var/www/html/tabelog_clone/lib/Cake/Core/App.php(970): call_user_func('ErrorHandler::h...', 4, 'syntax error, u...', '/var/www/html/t...', 9, Array)
#3 /var/www/html/tabelog_clone/lib/Cake/Core/App.php(943): App::_checkFatalError()
#4 [internal function]: App::shutdown()
#5 {main}
2016-07-13 15:10:50 Error: Fatal Error (4): syntax error, unexpected 'public' (T_PUBLIC), expecting ',' or ';' in [/var/www/html/tabelog_clone/app/Controller/ShopsController.php, line 9]
2016-07-13 15:10:50 Error: [FatalErrorException] syntax error, unexpected 'public' (T_PUBLIC), expecting ',' or ';'
Request URL: /tabelog_clone/shops
Stack Trace:
#0 /var/www/html/tabelog_clone/lib/Cake/Error/ErrorHandler.php(213): ErrorHandler::handleFatalError(4, 'syntax error, u...', '/var/www/html/t...', 9)
#1 [internal function]: ErrorHandler::handleError(4, 'syntax error, u...', '/var/www/html/t...', 9, Array)
#2 /var/www/html/tabelog_clone/lib/Cake/Core/App.php(970): call_user_func('ErrorHandler::h...', 4, 'syntax error, u...', '/var/www/html/t...', 9, Array)
#3 /var/www/html/tabelog_clone/lib/Cake/Core/App.php(943): App::_checkFatalError()
#4 [internal function]: App::shutdown()
#5 {main}
2016-07-13 15:13:52 Error: Fatal Error (1): Unsupported operand types in [/var/www/html/tabelog_clone/lib/Cake/View/Helper/PaginatorHelper.php, line 734]
2016-07-13 15:13:52 Error: [FatalErrorException] Unsupported operand types
Request URL: /tabelog_clone/shops
Stack Trace:
#0 /var/www/html/tabelog_clone/lib/Cake/Error/ErrorHandler.php(213): ErrorHandler::handleFatalError(1, 'Unsupported ope...', '/var/www/html/t...', 734)
#1 [internal function]: ErrorHandler::handleError(1, 'Unsupported ope...', '/var/www/html/t...', 734, Array)
#2 /var/www/html/tabelog_clone/lib/Cake/Core/App.php(970): call_user_func('ErrorHandler::h...', 1, 'Unsupported ope...', '/var/www/html/t...', 734, Array)
#3 /var/www/html/tabelog_clone/lib/Cake/Core/App.php(943): App::_checkFatalError()
#4 [internal function]: App::shutdown()
#5 {main}
2016-07-13 16:34:03 Error: Fatal Error (4): syntax error, unexpected '->' (T_OBJECT_OPERATOR), expecting ',' or ';' in [/var/www/html/tabelog_clone/app/View/Layouts/default.ctp, line 41]
2016-07-13 16:34:03 Error: [FatalErrorException] syntax error, unexpected '->' (T_OBJECT_OPERATOR), expecting ',' or ';'
Request URL: /tabelog_clone/shops/
Stack Trace:
#0 /var/www/html/tabelog_clone/lib/Cake/Error/ErrorHandler.php(213): ErrorHandler::handleFatalError(4, 'syntax error, u...', '/var/www/html/t...', 41)
#1 [internal function]: ErrorHandler::handleError(4, 'syntax error, u...', '/var/www/html/t...', 41, Array)
#2 /var/www/html/tabelog_clone/lib/Cake/Core/App.php(970): call_user_func('ErrorHandler::h...', 4, 'syntax error, u...', '/var/www/html/t...', 41, Array)
#3 /var/www/html/tabelog_clone/lib/Cake/Core/App.php(943): App::_checkFatalError()
#4 [internal function]: App::shutdown()
#5 {main}
2016-07-14 00:07:54 Error: Fatal Error (4): syntax error, unexpected 'if' (T_IF) in [/var/www/html/tabelog_clone/app/View/Helper/ShopHelper.php, line 13]
2016-07-14 00:07:54 Error: [FatalErrorException] syntax error, unexpected 'if' (T_IF)
Request URL: /tabelog_clone/
Stack Trace:
#0 /var/www/html/tabelog_clone/lib/Cake/Error/ErrorHandler.php(213): ErrorHandler::handleFatalError(4, 'syntax error, u...', '/var/www/html/t...', 13)
#1 [internal function]: ErrorHandler::handleError(4, 'syntax error, u...', '/var/www/html/t...', 13, Array)
#2 /var/www/html/tabelog_clone/lib/Cake/Core/App.php(970): call_user_func('ErrorHandler::h...', 4, 'syntax error, u...', '/var/www/html/t...', 13, Array)
#3 /var/www/html/tabelog_clone/lib/Cake/Core/App.php(943): App::_checkFatalError()
#4 [internal function]: App::shutdown()
#5 {main}
2016-07-14 00:09:15 Error: Fatal Error (4): syntax error, unexpected 'if' (T_IF) in [/var/www/html/tabelog_clone/app/View/Helper/ShopHelper.php, line 13]
2016-07-14 00:09:15 Error: [FatalErrorException] syntax error, unexpected 'if' (T_IF)
Request URL: /tabelog_clone/
Stack Trace:
#0 /var/www/html/tabelog_clone/lib/Cake/Error/ErrorHandler.php(213): ErrorHandler::handleFatalError(4, 'syntax error, u...', '/var/www/html/t...', 13)
#1 [internal function]: ErrorHandler::handleError(4, 'syntax error, u...', '/var/www/html/t...', 13, Array)
#2 /var/www/html/tabelog_clone/lib/Cake/Core/App.php(970): call_user_func('ErrorHandler::h...', 4, 'syntax error, u...', '/var/www/html/t...', 13, Array)
#3 /var/www/html/tabelog_clone/lib/Cake/Core/App.php(943): App::_checkFatalError()
#4 [internal function]: App::shutdown()
#5 {main}
2016-07-14 00:09:24 Error: [MissingControllerException] Controller class ImgController could not be found.
Exception Attributes: array (
  'class' => 'ImgController',
  'plugin' => NULL,
)
Request URL: /tabelog_clone/img/restaurant.jpg
Stack Trace:
#0 /var/www/html/tabelog_clone/app/webroot/index.php(111): Dispatcher->dispatch(Object(CakeRequest), Object(CakeResponse))
#1 {main}
2016-07-14 00:42:30 Error: Fatal Error (4): syntax error, unexpected '=>' (T_DOUBLE_ARROW), expecting ']' in [/var/www/html/tabelog_clone/app/View/Elements/Shops/form.ctp, line 7]
2016-07-14 00:42:30 Error: [FatalErrorException] syntax error, unexpected '=>' (T_DOUBLE_ARROW), expecting ']'
Request URL: /tabelog_clone/shops/add
Stack Trace:
#0 /var/www/html/tabelog_clone/lib/Cake/Error/ErrorHandler.php(213): ErrorHandler::handleFatalError(4, 'syntax error, u...', '/var/www/html/t...', 7)
#1 [internal function]: ErrorHandler::handleError(4, 'syntax error, u...', '/var/www/html/t...', 7, Array)
#2 /var/www/html/tabelog_clone/lib/Cake/Core/App.php(970): call_user_func('ErrorHandler::h...', 4, 'syntax error, u...', '/var/www/html/t...', 7, Array)
#3 /var/www/html/tabelog_clone/lib/Cake/Core/App.php(943): App::_checkFatalError()
#4 [internal function]: App::shutdown()
#5 {main}
2016-07-14 01:25:39 Error: Fatal Error (4): syntax error, unexpected 'public' (T_PUBLIC), expecting ',' or ';' in [/var/www/html/tabelog_clone/app/Controller/ShopsController.php, line 8]
2016-07-14 01:25:39 Error: [FatalErrorException] syntax error, unexpected 'public' (T_PUBLIC), expecting ',' or ';'
Request URL: /tabelog_clone/
Stack Trace:
#0 /var/www/html/tabelog_clone/lib/Cake/Error/ErrorHandler.php(213): ErrorHandler::handleFatalError(4, 'syntax error, u...', '/var/www/html/t...', 8)
#1 [internal function]: ErrorHandler::handleError(4, 'syntax error, u...', '/var/www/html/t...', 8, Array)
#2 /var/www/html/tabelog_clone/lib/Cake/Core/App.php(970): call_user_func('ErrorHandler::h...', 4, 'syntax error, u...', '/var/www/html/t...', 8, Array)
#3 /var/www/html/tabelog_clone/lib/Cake/Core/App.php(943): App::_checkFatalError()
#4 [internal function]: App::shutdown()
#5 {main}
2016-07-14 01:25:55 Error: Fatal Error (4): syntax error, unexpected 'public' (T_PUBLIC), expecting ',' or ';' in [/var/www/html/tabelog_clone/app/Controller/ShopsController.php, line 8]
2016-07-14 01:25:55 Error: [FatalErrorException] syntax error, unexpected 'public' (T_PUBLIC), expecting ',' or ';'
Request URL: /tabelog_clone/
Stack Trace:
#0 /var/www/html/tabelog_clone/lib/Cake/Error/ErrorHandler.php(213): ErrorHandler::handleFatalError(4, 'syntax error, u...', '/var/www/html/t...', 8)
#1 [internal function]: ErrorHandler::handleError(4, 'syntax error, u...', '/var/www/html/t...', 8, Array)
#2 /var/www/html/tabelog_clone/lib/Cake/Core/App.php(970): call_user_func('ErrorHandler::h...', 4, 'syntax error, u...', '/var/www/html/t...', 8, Array)
#3 /var/www/html/tabelog_clone/lib/Cake/Core/App.php(943): App::_checkFatalError()
#4 [internal function]: App::shutdown()
#5 {main}
2016-07-14 01:26:50 Error: Fatal Error (1): Call to a member function create() on a non-object in [/var/www/html/tabelog_clone/app/Controller/UsersController.php, line 7]
2016-07-14 01:26:50 Error: [FatalErrorException] Call to a member function create() on a non-object
Request URL: /tabelog_clone/users/add
Stack Trace:
#0 /var/www/html/tabelog_clone/lib/Cake/Error/ErrorHandler.php(213): ErrorHandler::handleFatalError(1, 'Call to a membe...', '/var/www/html/t...', 7)
#1 [internal function]: ErrorHandler::handleError(1, 'Call to a membe...', '/var/www/html/t...', 7, Array)
#2 /var/www/html/tabelog_clone/lib/Cake/Core/App.php(970): call_user_func('ErrorHandler::h...', 1, 'Call to a membe...', '/var/www/html/t...', 7, Array)
#3 /var/www/html/tabelog_clone/lib/Cake/Core/App.php(943): App::_checkFatalError()
#4 [internal function]: App::shutdown()
#5 {main}
2016-07-14 14:20:18 Error: [MissingControllerException] Controller class LoginController could not be found.
Exception Attributes: array (
  'class' => 'LoginController',
  'plugin' => NULL,
)
Request URL: /tabelog_clone/login
Stack Trace:
#0 /var/www/html/tabelog_clone/app/webroot/index.php(111): Dispatcher->dispatch(Object(CakeRequest), Object(CakeResponse))
#1 {main}
2016-07-14 14:20:28 Error: [MissingControllerException] Controller class UserController could not be found.
Exception Attributes: array (
  'class' => 'UserController',
  'plugin' => NULL,
)
Request URL: /tabelog_clone/user/login
Stack Trace:
#0 /var/www/html/tabelog_clone/app/webroot/index.php(111): Dispatcher->dispatch(Object(CakeRequest), Object(CakeResponse))
#1 {main}
2016-07-14 14:23:06 Error: Fatal Error (4): syntax error, unexpected 'public' (T_PUBLIC) in [/var/www/html/tabelog_clone/app/Controller/UsersController.php, line 26]
2016-07-14 14:23:06 Error: [FatalErrorException] syntax error, unexpected 'public' (T_PUBLIC)
Request URL: /tabelog_clone/users/logout
Stack Trace:
#0 /var/www/html/tabelog_clone/lib/Cake/Error/ErrorHandler.php(213): ErrorHandler::handleFatalError(4, 'syntax error, u...', '/var/www/html/t...', 26)
#1 [internal function]: ErrorHandler::handleError(4, 'syntax error, u...', '/var/www/html/t...', 26, Array)
#2 /var/www/html/tabelog_clone/lib/Cake/Core/App.php(970): call_user_func('ErrorHandler::h...', 4, 'syntax error, u...', '/var/www/html/t...', 26, Array)
#3 /var/www/html/tabelog_clone/lib/Cake/Core/App.php(943): App::_checkFatalError()
#4 [internal function]: App::shutdown()
#5 {main}
2016-07-14 22:10:10 Error: Fatal Error (4): syntax error, unexpected ',', expecting ']' in [/var/www/html/tabelog_clone/app/Controller/UsersController.php, line 24]
2016-07-14 22:10:10 Error: [FatalErrorException] syntax error, unexpected ',', expecting ']'
Request URL: /tabelog_clone/users/edit
Stack Trace:
#0 /var/www/html/tabelog_clone/lib/Cake/Error/ErrorHandler.php(213): ErrorHandler::handleFatalError(4, 'syntax error, u...', '/var/www/html/t...', 24)
#1 [internal function]: ErrorHandler::handleError(4, 'syntax error, u...', '/var/www/html/t...', 24, Array)
#2 /var/www/html/tabelog_clone/lib/Cake/Core/App.php(970): call_user_func('ErrorHandler::h...', 4, 'syntax error, u...', '/var/www/html/t...', 24, Array)
#3 /var/www/html/tabelog_clone/lib/Cake/Core/App.php(943): App::_checkFatalError()
#4 [internal function]: App::shutdown()
#5 {main}
2016-07-14 22:11:46 Error: Fatal Error (4): syntax error, unexpected ',', expecting ']' in [/var/www/html/tabelog_clone/app/Controller/UsersController.php, line 24]
2016-07-14 22:11:46 Error: [FatalErrorException] syntax error, unexpected ',', expecting ']'
Request URL: /tabelog_clone/users/edit
Stack Trace:
#0 /var/www/html/tabelog_clone/lib/Cake/Error/ErrorHandler.php(213): ErrorHandler::handleFatalError(4, 'syntax error, u...', '/var/www/html/t...', 24)
#1 [internal function]: ErrorHandler::handleError(4, 'syntax error, u...', '/var/www/html/t...', 24, Array)
#2 /var/www/html/tabelog_clone/lib/Cake/Core/App.php(970): call_user_func('ErrorHandler::h...', 4, 'syntax error, u...', '/var/www/html/t...', 24, Array)
#3 /var/www/html/tabelog_clone/lib/Cake/Core/App.php(943): App::_checkFatalError()
#4 [internal function]: App::shutdown()
#5 {main}
2016-07-14 22:11:48 Error: Fatal Error (4): syntax error, unexpected ',', expecting ']' in [/var/www/html/tabelog_clone/app/Controller/UsersController.php, line 24]
2016-07-14 22:11:48 Error: [FatalErrorException] syntax error, unexpected ',', expecting ']'
Request URL: /tabelog_clone/users/edit
Stack Trace:
#0 /var/www/html/tabelog_clone/lib/Cake/Error/ErrorHandler.php(213): ErrorHandler::handleFatalError(4, 'syntax error, u...', '/var/www/html/t...', 24)
#1 [internal function]: ErrorHandler::handleError(4, 'syntax error, u...', '/var/www/html/t...', 24, Array)
#2 /var/www/html/tabelog_clone/lib/Cake/Core/App.php(970): call_user_func('ErrorHandler::h...', 4, 'syntax error, u...', '/var/www/html/t...', 24, Array)
#3 /var/www/html/tabelog_clone/lib/Cake/Core/App.php(943): App::_checkFatalError()
#4 [internal function]: App::shutdown()
#5 {main}
2016-07-14 22:13:24 Error: Fatal Error (4): syntax error, unexpected 'this' (T_STRING) in [/var/www/html/tabelog_clone/app/Controller/UsersController.php, line 26]
2016-07-14 22:13:24 Error: [FatalErrorException] syntax error, unexpected 'this' (T_STRING)
Request URL: /tabelog_clone/users/edit
Stack Trace:
#0 /var/www/html/tabelog_clone/lib/Cake/Error/ErrorHandler.php(213): ErrorHandler::handleFatalError(4, 'syntax error, u...', '/var/www/html/t...', 26)
#1 [internal function]: ErrorHandler::handleError(4, 'syntax error, u...', '/var/www/html/t...', 26, Array)
#2 /var/www/html/tabelog_clone/lib/Cake/Core/App.php(970): call_user_func('ErrorHandler::h...', 4, 'syntax error, u...', '/var/www/html/t...', 26, Array)
#3 /var/www/html/tabelog_clone/lib/Cake/Core/App.php(943): App::_checkFatalError()
#4 [internal function]: App::shutdown()
#5 {main}
2016-07-14 22:13:34 Error: Fatal Error (4): syntax error, unexpected '$this' (T_VARIABLE) in [/var/www/html/tabelog_clone/app/Controller/UsersController.php, line 33]
2016-07-14 22:13:34 Error: [FatalErrorException] syntax error, unexpected '$this' (T_VARIABLE)
Request URL: /tabelog_clone/users/edit
Stack Trace:
#0 /var/www/html/tabelog_clone/lib/Cake/Error/ErrorHandler.php(213): ErrorHandler::handleFatalError(4, 'syntax error, u...', '/var/www/html/t...', 33)
#1 [internal function]: ErrorHandler::handleError(4, 'syntax error, u...', '/var/www/html/t...', 33, Array)
#2 /var/www/html/tabelog_clone/lib/Cake/Core/App.php(970): call_user_func('ErrorHandler::h...', 4, 'syntax error, u...', '/var/www/html/t...', 33, Array)
#3 /var/www/html/tabelog_clone/lib/Cake/Core/App.php(943): App::_checkFatalError()
#4 [internal function]: App::shutdown()
#5 {main}
2016-07-14 22:13:45 Error: Fatal Error (4): syntax error, unexpected ''match'' (T_CONSTANT_ENCAPSED_STRING), expecting ']' in [/var/www/html/tabelog_clone/app/Model/User.php, line 47]
2016-07-14 22:13:45 Error: [FatalErrorException] syntax error, unexpected ''match'' (T_CONSTANT_ENCAPSED_STRING), expecting ']'
Request URL: /tabelog_clone/users/edit
Stack Trace:
#0 /var/www/html/tabelog_clone/lib/Cake/Error/ErrorHandler.php(213): ErrorHandler::handleFatalError(4, 'syntax error, u...', '/var/www/html/t...', 47)
#1 [internal function]: ErrorHandler::handleError(4, 'syntax error, u...', '/var/www/html/t...', 47, Array)
#2 /var/www/html/tabelog_clone/lib/Cake/Core/App.php(970): call_user_func('ErrorHandler::h...', 4, 'syntax error, u...', '/var/www/html/t...', 47, Array)
#3 /var/www/html/tabelog_clone/lib/Cake/Core/App.php(943): App::_checkFatalError()
#4 [internal function]: App::shutdown()
#5 {main}
2016-07-14 22:14:50 Error: Fatal Error (4): syntax error, unexpected ';', expecting ']' in [/var/www/html/tabelog_clone/app/Model/User.php, line 46]
2016-07-14 22:14:50 Error: [FatalErrorException] syntax error, unexpected ';', expecting ']'
Request URL: /tabelog_clone/users/edit
Stack Trace:
#0 /var/www/html/tabelog_clone/lib/Cake/Error/ErrorHandler.php(213): ErrorHandler::handleFatalError(4, 'syntax error, u...', '/var/www/html/t...', 46)
#1 [internal function]: ErrorHandler::handleError(4, 'syntax error, u...', '/var/www/html/t...', 46, Array)
#2 /var/www/html/tabelog_clone/lib/Cake/Core/App.php(970): call_user_func('ErrorHandler::h...', 4, 'syntax error, u...', '/var/www/html/t...', 46, Array)
#3 /var/www/html/tabelog_clone/lib/Cake/Core/App.php(943): App::_checkFatalError()
#4 [internal function]: App::shutdown()
#5 {main}
2016-07-14 22:17:44 Error: [PDOException] SQLSTATE[42S22]: Column not found: 1054 Unknown column 'User.i_d' in 'where clause'
Request URL: /tabelog_clone/users/edit
Stack Trace:
#0 /var/www/html/tabelog_clone/lib/Cake/Model/Datasource/DboSource.php(461): PDOStatement->execute(Array)
#1 /var/www/html/tabelog_clone/lib/Cake/Model/Datasource/DboSource.php(427): DboSource->_execute('SELECT `User`.`...', Array)
#2 /var/www/html/tabelog_clone/lib/Cake/Model/Datasource/DboSource.php(664): DboSource->execute('SELECT `User`.`...', Array, Array)
#3 /var/www/html/tabelog_clone/lib/Cake/Model/Datasource/DboSource.php(1113): DboSource->fetchAll('SELECT `User`.`...', false)
#4 /var/www/html/tabelog_clone/lib/Cake/Model/Model.php(3031): DboSource->read(Object(User), Array)
#5 /var/www/html/tabelog_clone/lib/Cake/Model/Model.php(3003): Model->_readDataSource('first', Array)
#6 /var/www/html/tabelog_clone/lib/Cake/Model/Datasource/DboSource.php(595): Model->find('first', Array)
#7 /var/www/html/tabelog_clone/lib/Cake/Model/Model.php(827): DboSource->query('findByID', Array, Object(User))
#8 /var/www/html/tabelog_clone/app/Model/User.php(68): Model->__call('findByID', Array)
#9 /var/www/html/tabelog_clone/app/Model/User.php(68): User->findByID('2')
#10 [internal function]: User->checkCurrentPassword(Array, Array)
#11 /var/www/html/tabelog_clone/lib/Cake/Model/Validator/CakeValidationRule.php(275): call_user_func_array(Array, Array)
#12 /var/www/html/tabelog_clone/lib/Cake/Model/Validator/CakeValidationSet.php(135): CakeValidationRule->process('password_curren...', Array, Array)
#13 /var/www/html/tabelog_clone/lib/Cake/Model/ModelValidator.php(268): CakeValidationSet->validate(Array, true)
#14 /var/www/html/tabelog_clone/lib/Cake/Model/ModelValidator.php(99): ModelValidator->errors(Array)
#15 /var/www/html/tabelog_clone/lib/Cake/Model/Model.php(3469): ModelValidator->validates(Array)
#16 /var/www/html/tabelog_clone/lib/Cake/Model/Model.php(1829): Model->validates(Array)
#17 /var/www/html/tabelog_clone/lib/Cake/Model/Model.php(1751): Model->_doSave(Array, Array)
#18 /var/www/html/tabelog_clone/app/Controller/UsersController.php(26): Model->save(Array)
#19 [internal function]: UsersController->edit()
#20 /var/www/html/tabelog_clone/lib/Cake/Controller/Controller.php(491): ReflectionMethod->invokeArgs(Object(UsersController), Array)
#21 /var/www/html/tabelog_clone/lib/Cake/Routing/Dispatcher.php(193): Controller->invokeAction(Object(CakeRequest))
#22 /var/www/html/tabelog_clone/lib/Cake/Routing/Dispatcher.php(167): Dispatcher->_invoke(Object(UsersController), Object(CakeRequest))
#23 /var/www/html/tabelog_clone/app/webroot/index.php(111): Dispatcher->dispatch(Object(CakeRequest), Object(CakeResponse))
#24 {main}
2016-07-14 22:18:10 Error: [PDOException] SQLSTATE[42S22]: Column not found: 1054 Unknown column 'User.i_d' in 'where clause'
Request URL: /tabelog_clone/users/edit
Stack Trace:
#0 /var/www/html/tabelog_clone/lib/Cake/Model/Datasource/DboSource.php(461): PDOStatement->execute(Array)
#1 /var/www/html/tabelog_clone/lib/Cake/Model/Datasource/DboSource.php(427): DboSource->_execute('SELECT `User`.`...', Array)
#2 /var/www/html/tabelog_clone/lib/Cake/Model/Datasource/DboSource.php(664): DboSource->execute('SELECT `User`.`...', Array, Array)
#3 /var/www/html/tabelog_clone/lib/Cake/Model/Datasource/DboSource.php(1113): DboSource->fetchAll('SELECT `User`.`...', false)
#4 /var/www/html/tabelog_clone/lib/Cake/Model/Model.php(3031): DboSource->read(Object(User), Array)
#5 /var/www/html/tabelog_clone/lib/Cake/Model/Model.php(3003): Model->_readDataSource('first', Array)
#6 /var/www/html/tabelog_clone/lib/Cake/Model/Datasource/DboSource.php(595): Model->find('first', Array)
#7 /var/www/html/tabelog_clone/lib/Cake/Model/Model.php(827): DboSource->query('findByID', Array, Object(User))
#8 /var/www/html/tabelog_clone/app/Model/User.php(68): Model->__call('findByID', Array)
#9 /var/www/html/tabelog_clone/app/Model/User.php(68): User->findByID('2')
#10 [internal function]: User->checkCurrentPassword(Array, Array)
#11 /var/www/html/tabelog_clone/lib/Cake/Model/Validator/CakeValidationRule.php(275): call_user_func_array(Array, Array)
#12 /var/www/html/tabelog_clone/lib/Cake/Model/Validator/CakeValidationSet.php(135): CakeValidationRule->process('password_curren...', Array, Array)
#13 /var/www/html/tabelog_clone/lib/Cake/Model/ModelValidator.php(268): CakeValidationSet->validate(Array, true)
#14 /var/www/html/tabelog_clone/lib/Cake/Model/ModelValidator.php(99): ModelValidator->errors(Array)
#15 /var/www/html/tabelog_clone/lib/Cake/Model/Model.php(3469): ModelValidator->validates(Array)
#16 /var/www/html/tabelog_clone/lib/Cake/Model/Model.php(1829): Model->validates(Array)
#17 /var/www/html/tabelog_clone/lib/Cake/Model/Model.php(1751): Model->_doSave(Array, Array)
#18 /var/www/html/tabelog_clone/app/Controller/UsersController.php(26): Model->save(Array)
#19 [internal function]: UsersController->edit()
#20 /var/www/html/tabelog_clone/lib/Cake/Controller/Controller.php(491): ReflectionMethod->invokeArgs(Object(UsersController), Array)
#21 /var/www/html/tabelog_clone/lib/Cake/Routing/Dispatcher.php(193): Controller->invokeAction(Object(CakeRequest))
#22 /var/www/html/tabelog_clone/lib/Cake/Routing/Dispatcher.php(167): Dispatcher->_invoke(Object(UsersController), Object(CakeRequest))
#23 /var/www/html/tabelog_clone/app/webroot/index.php(111): Dispatcher->dispatch(Object(CakeRequest), Object(CakeResponse))
#24 {main}
2016-07-14 22:39:56 Error: [PDOException] SQLSTATE[42S22]: Column not found: 1054 Unknown column 'User.i_d' in 'where clause'
Request URL: /tabelog_clone/users/edit
Stack Trace:
#0 /var/www/html/tabelog_clone/lib/Cake/Model/Datasource/DboSource.php(461): PDOStatement->execute(Array)
#1 /var/www/html/tabelog_clone/lib/Cake/Model/Datasource/DboSource.php(427): DboSource->_execute('SELECT `User`.`...', Array)
#2 /var/www/html/tabelog_clone/lib/Cake/Model/Datasource/DboSource.php(664): DboSource->execute('SELECT `User`.`...', Array, Array)
#3 /var/www/html/tabelog_clone/lib/Cake/Model/Datasource/DboSource.php(1113): DboSource->fetchAll('SELECT `User`.`...', false)
#4 /var/www/html/tabelog_clone/lib/Cake/Model/Model.php(3031): DboSource->read(Object(User), Array)
#5 /var/www/html/tabelog_clone/lib/Cake/Model/Model.php(3003): Model->_readDataSource('first', Array)
#6 /var/www/html/tabelog_clone/lib/Cake/Model/Datasource/DboSource.php(595): Model->find('first', Array)
#7 /var/www/html/tabelog_clone/lib/Cake/Model/Model.php(827): DboSource->query('findByID', Array, Object(User))
#8 /var/www/html/tabelog_clone/app/Model/User.php(68): Model->__call('findByID', Array)
#9 /var/www/html/tabelog_clone/app/Model/User.php(68): User->findByID('2')
#10 [internal function]: User->checkCurrentPassword(Array, Array)
#11 /var/www/html/tabelog_clone/lib/Cake/Model/Validator/CakeValidationRule.php(275): call_user_func_array(Array, Array)
#12 /var/www/html/tabelog_clone/lib/Cake/Model/Validator/CakeValidationSet.php(135): CakeValidationRule->process('password_curren...', Array, Array)
#13 /var/www/html/tabelog_clone/lib/Cake/Model/ModelValidator.php(268): CakeValidationSet->validate(Array, true)
#14 /var/www/html/tabelog_clone/lib/Cake/Model/ModelValidator.php(99): ModelValidator->errors(Array)
#15 /var/www/html/tabelog_clone/lib/Cake/Model/Model.php(3469): ModelValidator->validates(Array)
#16 /var/www/html/tabelog_clone/lib/Cake/Model/Model.php(1829): Model->validates(Array)
#17 /var/www/html/tabelog_clone/lib/Cake/Model/Model.php(1751): Model->_doSave(Array, Array)
#18 /var/www/html/tabelog_clone/app/Controller/UsersController.php(26): Model->save(Array)
#19 [internal function]: UsersController->edit()
#20 /var/www/html/tabelog_clone/lib/Cake/Controller/Controller.php(491): ReflectionMethod->invokeArgs(Object(UsersController), Array)
#21 /var/www/html/tabelog_clone/lib/Cake/Routing/Dispatcher.php(193): Controller->invokeAction(Object(CakeRequest))
#22 /var/www/html/tabelog_clone/lib/Cake/Routing/Dispatcher.php(167): Dispatcher->_invoke(Object(UsersController), Object(CakeRequest))
#23 /var/www/html/tabelog_clone/app/webroot/index.php(111): Dispatcher->dispatch(Object(CakeRequest), Object(CakeResponse))
#24 {main}
2016-07-14 22:41:05 Error: [PDOException] SQLSTATE[42S22]: Column not found: 1054 Unknown column 'User.i_d' in 'where clause'
Request URL: /tabelog_clone/users/edit
Stack Trace:
#0 /var/www/html/tabelog_clone/lib/Cake/Model/Datasource/DboSource.php(461): PDOStatement->execute(Array)
#1 /var/www/html/tabelog_clone/lib/Cake/Model/Datasource/DboSource.php(427): DboSource->_execute('SELECT `User`.`...', Array)
#2 /var/www/html/tabelog_clone/lib/Cake/Model/Datasource/DboSource.php(664): DboSource->execute('SELECT `User`.`...', Array, Array)
#3 /var/www/html/tabelog_clone/lib/Cake/Model/Datasource/DboSource.php(1113): DboSource->fetchAll('SELECT `User`.`...', false)
#4 /var/www/html/tabelog_clone/lib/Cake/Model/Model.php(3031): DboSource->read(Object(User), Array)
#5 /var/www/html/tabelog_clone/lib/Cake/Model/Model.php(3003): Model->_readDataSource('first', Array)
#6 /var/www/html/tabelog_clone/lib/Cake/Model/Datasource/DboSource.php(595): Model->find('first', Array)
#7 /var/www/html/tabelog_clone/lib/Cake/Model/Model.php(827): DboSource->query('findByID', Array, Object(User))
#8 /var/www/html/tabelog_clone/app/Model/User.php(68): Model->__call('findByID', Array)
#9 /var/www/html/tabelog_clone/app/Model/User.php(68): User->findByID('2')
#10 [internal function]: User->checkCurrentPassword(Array, Array)
#11 /var/www/html/tabelog_clone/lib/Cake/Model/Validator/CakeValidationRule.php(275): call_user_func_array(Array, Array)
#12 /var/www/html/tabelog_clone/lib/Cake/Model/Validator/CakeValidationSet.php(135): CakeValidationRule->process('password_curren...', Array, Array)
#13 /var/www/html/tabelog_clone/lib/Cake/Model/ModelValidator.php(268): CakeValidationSet->validate(Array, true)
#14 /var/www/html/tabelog_clone/lib/Cake/Model/ModelValidator.php(99): ModelValidator->errors(Array)
#15 /var/www/html/tabelog_clone/lib/Cake/Model/Model.php(3469): ModelValidator->validates(Array)
#16 /var/www/html/tabelog_clone/lib/Cake/Model/Model.php(1829): Model->validates(Array)
#17 /var/www/html/tabelog_clone/lib/Cake/Model/Model.php(1751): Model->_doSave(Array, Array)
#18 /var/www/html/tabelog_clone/app/Controller/UsersController.php(26): Model->save(Array)
#19 [internal function]: UsersController->edit()
#20 /var/www/html/tabelog_clone/lib/Cake/Controller/Controller.php(491): ReflectionMethod->invokeArgs(Object(UsersController), Array)
#21 /var/www/html/tabelog_clone/lib/Cake/Routing/Dispatcher.php(193): Controller->invokeAction(Object(CakeRequest))
#22 /var/www/html/tabelog_clone/lib/Cake/Routing/Dispatcher.php(167): Dispatcher->_invoke(Object(UsersController), Object(CakeRequest))
#23 /var/www/html/tabelog_clone/app/webroot/index.php(111): Dispatcher->dispatch(Object(CakeRequest), Object(CakeResponse))
#24 {main}
2016-07-14 22:55:29 Error: [PDOException] SQLSTATE[42S22]: Column not found: 1054 Unknown column 'User.i_d' in 'where clause'
Request URL: /tabelog_clone/users/edit
Stack Trace:
#0 /var/www/html/tabelog_clone/lib/Cake/Model/Datasource/DboSource.php(461): PDOStatement->execute(Array)
#1 /var/www/html/tabelog_clone/lib/Cake/Model/Datasource/DboSource.php(427): DboSource->_execute('SELECT `User`.`...', Array)
#2 /var/www/html/tabelog_clone/lib/Cake/Model/Datasource/DboSource.php(664): DboSource->execute('SELECT `User`.`...', Array, Array)
#3 /var/www/html/tabelog_clone/lib/Cake/Model/Datasource/DboSource.php(1113): DboSource->fetchAll('SELECT `User`.`...', false)
#4 /var/www/html/tabelog_clone/lib/Cake/Model/Model.php(3031): DboSource->read(Object(User), Array)
#5 /var/www/html/tabelog_clone/lib/Cake/Model/Model.php(3003): Model->_readDataSource('first', Array)
#6 /var/www/html/tabelog_clone/lib/Cake/Model/Datasource/DboSource.php(595): Model->find('first', Array)
#7 /var/www/html/tabelog_clone/lib/Cake/Model/Model.php(827): DboSource->query('findByID', Array, Object(User))
#8 /var/www/html/tabelog_clone/app/Model/User.php(68): Model->__call('findByID', Array)
#9 /var/www/html/tabelog_clone/app/Model/User.php(68): User->findByID('2')
#10 [internal function]: User->checkCurrentPassword(Array, Array)
#11 /var/www/html/tabelog_clone/lib/Cake/Model/Validator/CakeValidationRule.php(275): call_user_func_array(Array, Array)
#12 /var/www/html/tabelog_clone/lib/Cake/Model/Validator/CakeValidationSet.php(135): CakeValidationRule->process('password_curren...', Array, Array)
#13 /var/www/html/tabelog_clone/lib/Cake/Model/ModelValidator.php(268): CakeValidationSet->validate(Array, true)
#14 /var/www/html/tabelog_clone/lib/Cake/Model/ModelValidator.php(99): ModelValidator->errors(Array)
#15 /var/www/html/tabelog_clone/lib/Cake/Model/Model.php(3469): ModelValidator->validates(Array)
#16 /var/www/html/tabelog_clone/lib/Cake/Model/Model.php(1829): Model->validates(Array)
#17 /var/www/html/tabelog_clone/lib/Cake/Model/Model.php(1751): Model->_doSave(Array, Array)
#18 /var/www/html/tabelog_clone/app/Controller/UsersController.php(26): Model->save(Array)
#19 [internal function]: UsersController->edit()
#20 /var/www/html/tabelog_clone/lib/Cake/Controller/Controller.php(491): ReflectionMethod->invokeArgs(Object(UsersController), Array)
#21 /var/www/html/tabelog_clone/lib/Cake/Routing/Dispatcher.php(193): Controller->invokeAction(Object(CakeRequest))
#22 /var/www/html/tabelog_clone/lib/Cake/Routing/Dispatcher.php(167): Dispatcher->_invoke(Object(UsersController), Object(CakeRequest))
#23 /var/www/html/tabelog_clone/app/webroot/index.php(111): Dispatcher->dispatch(Object(CakeRequest), Object(CakeResponse))
#24 {main}
2016-07-14 22:59:11 Error: [PDOException] SQLSTATE[42S22]: Column not found: 1054 Unknown column 'User.i_d' in 'where clause'
Request URL: /tabelog_clone/users/edit
Stack Trace:
#0 /var/www/html/tabelog_clone/lib/Cake/Model/Datasource/DboSource.php(461): PDOStatement->execute(Array)
#1 /var/www/html/tabelog_clone/lib/Cake/Model/Datasource/DboSource.php(427): DboSource->_execute('SELECT `User`.`...', Array)
#2 /var/www/html/tabelog_clone/lib/Cake/Model/Datasource/DboSource.php(664): DboSource->execute('SELECT `User`.`...', Array, Array)
#3 /var/www/html/tabelog_clone/lib/Cake/Model/Datasource/DboSource.php(1113): DboSource->fetchAll('SELECT `User`.`...', false)
#4 /var/www/html/tabelog_clone/lib/Cake/Model/Model.php(3031): DboSource->read(Object(User), Array)
#5 /var/www/html/tabelog_clone/lib/Cake/Model/Model.php(3003): Model->_readDataSource('first', Array)
#6 /var/www/html/tabelog_clone/lib/Cake/Model/Datasource/DboSource.php(595): Model->find('first', Array)
#7 /var/www/html/tabelog_clone/lib/Cake/Model/Model.php(827): DboSource->query('findByID', Array, Object(User))
#8 /var/www/html/tabelog_clone/app/Model/User.php(68): Model->__call('findByID', Array)
#9 /var/www/html/tabelog_clone/app/Model/User.php(68): User->findByID('2')
#10 [internal function]: User->checkCurrentPassword(Array, Array)
#11 /var/www/html/tabelog_clone/lib/Cake/Model/Validator/CakeValidationRule.php(275): call_user_func_array(Array, Array)
#12 /var/www/html/tabelog_clone/lib/Cake/Model/Validator/CakeValidationSet.php(135): CakeValidationRule->process('password_curren...', Array, Array)
#13 /var/www/html/tabelog_clone/lib/Cake/Model/ModelValidator.php(268): CakeValidationSet->validate(Array, true)
#14 /var/www/html/tabelog_clone/lib/Cake/Model/ModelValidator.php(99): ModelValidator->errors(Array)
#15 /var/www/html/tabelog_clone/lib/Cake/Model/Model.php(3469): ModelValidator->validates(Array)
#16 /var/www/html/tabelog_clone/lib/Cake/Model/Model.php(1829): Model->validates(Array)
#17 /var/www/html/tabelog_clone/lib/Cake/Model/Model.php(1751): Model->_doSave(Array, Array)
#18 /var/www/html/tabelog_clone/app/Controller/UsersController.php(26): Model->save(Array)
#19 [internal function]: UsersController->edit()
#20 /var/www/html/tabelog_clone/lib/Cake/Controller/Controller.php(491): ReflectionMethod->invokeArgs(Object(UsersController), Array)
#21 /var/www/html/tabelog_clone/lib/Cake/Routing/Dispatcher.php(193): Controller->invokeAction(Object(CakeRequest))
#22 /var/www/html/tabelog_clone/lib/Cake/Routing/Dispatcher.php(167): Dispatcher->_invoke(Object(UsersController), Object(CakeRequest))
#23 /var/www/html/tabelog_clone/app/webroot/index.php(111): Dispatcher->dispatch(Object(CakeRequest), Object(CakeResponse))
#24 {main}
2016-07-14 23:04:14 Error: [PDOException] SQLSTATE[42S22]: Column not found: 1054 Unknown column 'User.i_d' in 'where clause'
Request URL: /tabelog_clone/users/edit
Stack Trace:
#0 /var/www/html/tabelog_clone/lib/Cake/Model/Datasource/DboSource.php(461): PDOStatement->execute(Array)
#1 /var/www/html/tabelog_clone/lib/Cake/Model/Datasource/DboSource.php(427): DboSource->_execute('SELECT `User`.`...', Array)
#2 /var/www/html/tabelog_clone/lib/Cake/Model/Datasource/DboSource.php(664): DboSource->execute('SELECT `User`.`...', Array, Array)
#3 /var/www/html/tabelog_clone/lib/Cake/Model/Datasource/DboSource.php(1113): DboSource->fetchAll('SELECT `User`.`...', false)
#4 /var/www/html/tabelog_clone/lib/Cake/Model/Model.php(3031): DboSource->read(Object(User), Array)
#5 /var/www/html/tabelog_clone/lib/Cake/Model/Model.php(3003): Model->_readDataSource('first', Array)
#6 /var/www/html/tabelog_clone/lib/Cake/Model/Datasource/DboSource.php(595): Model->find('first', Array)
#7 /var/www/html/tabelog_clone/lib/Cake/Model/Model.php(827): DboSource->query('findByID', Array, Object(User))
#8 /var/www/html/tabelog_clone/app/Model/User.php(68): Model->__call('findByID', Array)
#9 /var/www/html/tabelog_clone/app/Model/User.php(68): User->findByID('2')
#10 [internal function]: User->checkCurrentPassword(Array, Array)
#11 /var/www/html/tabelog_clone/lib/Cake/Model/Validator/CakeValidationRule.php(275): call_user_func_array(Array, Array)
#12 /var/www/html/tabelog_clone/lib/Cake/Model/Validator/CakeValidationSet.php(135): CakeValidationRule->process('password_curren...', Array, Array)
#13 /var/www/html/tabelog_clone/lib/Cake/Model/ModelValidator.php(268): CakeValidationSet->validate(Array, true)
#14 /var/www/html/tabelog_clone/lib/Cake/Model/ModelValidator.php(99): ModelValidator->errors(Array)
#15 /var/www/html/tabelog_clone/lib/Cake/Model/Model.php(3469): ModelValidator->validates(Array)
#16 /var/www/html/tabelog_clone/lib/Cake/Model/Model.php(1829): Model->validates(Array)
#17 /var/www/html/tabelog_clone/lib/Cake/Model/Model.php(1751): Model->_doSave(Array, Array)
#18 /var/www/html/tabelog_clone/app/Controller/UsersController.php(42): Model->save(Array)
#19 [internal function]: UsersController->edit()
#20 /var/www/html/tabelog_clone/lib/Cake/Controller/Controller.php(491): ReflectionMethod->invokeArgs(Object(UsersController), Array)
#21 /var/www/html/tabelog_clone/lib/Cake/Routing/Dispatcher.php(193): Controller->invokeAction(Object(CakeRequest))
#22 /var/www/html/tabelog_clone/lib/Cake/Routing/Dispatcher.php(167): Dispatcher->_invoke(Object(UsersController), Object(CakeRequest))
#23 /var/www/html/tabelog_clone/app/webroot/index.php(111): Dispatcher->dispatch(Object(CakeRequest), Object(CakeResponse))
#24 {main}
2016-07-14 23:45:56 Error: Fatal Error (4): syntax error, unexpected 'public' (T_PUBLIC) in [/var/www/html/tabelog_clone/app/Controller/UsersController.php, line 51]
2016-07-14 23:45:56 Error: [FatalErrorException] syntax error, unexpected 'public' (T_PUBLIC)
Request URL: /tabelog_clone/users/changePassword
Stack Trace:
#0 /var/www/html/tabelog_clone/lib/Cake/Error/ErrorHandler.php(213): ErrorHandler::handleFatalError(4, 'syntax error, u...', '/var/www/html/t...', 51)
#1 [internal function]: ErrorHandler::handleError(4, 'syntax error, u...', '/var/www/html/t...', 51, Array)
#2 /var/www/html/tabelog_clone/lib/Cake/Core/App.php(970): call_user_func('ErrorHandler::h...', 4, 'syntax error, u...', '/var/www/html/t...', 51, Array)
#3 /var/www/html/tabelog_clone/lib/Cake/Core/App.php(943): App::_checkFatalError()
#4 [internal function]: App::shutdown()
#5 {main}
2016-07-15 00:03:03 Error: Fatal Error (4): syntax error, unexpected 'public' (T_PUBLIC) in [/var/www/html/tabelog_clone/app/Controller/UsersController.php, line 28]
2016-07-15 00:03:03 Error: [FatalErrorException] syntax error, unexpected 'public' (T_PUBLIC)
Request URL: /tabelog_clone/users/login
Stack Trace:
#0 /var/www/html/tabelog_clone/lib/Cake/Error/ErrorHandler.php(213): ErrorHandler::handleFatalError(4, 'syntax error, u...', '/var/www/html/t...', 28)
#1 [internal function]: ErrorHandler::handleError(4, 'syntax error, u...', '/var/www/html/t...', 28, Array)
#2 /var/www/html/tabelog_clone/lib/Cake/Core/App.php(970): call_user_func('ErrorHandler::h...', 4, 'syntax error, u...', '/var/www/html/t...', 28, Array)
#3 /var/www/html/tabelog_clone/lib/Cake/Core/App.php(943): App::_checkFatalError()
#4 [internal function]: App::shutdown()
#5 {main}
2016-07-15 00:04:12 Error: Fatal Error (4): syntax error, unexpected 'public' (T_PUBLIC) in [/var/www/html/tabelog_clone/app/Controller/UsersController.php, line 28]
2016-07-15 00:04:12 Error: [FatalErrorException] syntax error, unexpected 'public' (T_PUBLIC)
Request URL: /tabelog_clone/users/login
Stack Trace:
#0 /var/www/html/tabelog_clone/lib/Cake/Error/ErrorHandler.php(213): ErrorHandler::handleFatalError(4, 'syntax error, u...', '/var/www/html/t...', 28)
#1 [internal function]: ErrorHandler::handleError(4, 'syntax error, u...', '/var/www/html/t...', 28, Array)
#2 /var/www/html/tabelog_clone/lib/Cake/Core/App.php(970): call_user_func('ErrorHandler::h...', 4, 'syntax error, u...', '/var/www/html/t...', 28, Array)
#3 /var/www/html/tabelog_clone/lib/Cake/Core/App.php(943): App::_checkFatalError()
#4 [internal function]: App::shutdown()
#5 {main}
2016-07-15 00:06:16 Error: [MissingControllerException] Controller class AddController could not be found.
Exception Attributes: array (
  'class' => 'AddController',
  'plugin' => NULL,
)
Request URL: /tabelog_clone/add
Stack Trace:
#0 /var/www/html/tabelog_clone/app/webroot/index.php(111): Dispatcher->dispatch(Object(CakeRequest), Object(CakeResponse))
#1 {main}
2016-07-15 03:29:51 Error: [MissingControllerException] Controller class ReviewsController could not be found.
Exception Attributes: array (
  'class' => 'ReviewsController',
  'plugin' => NULL,
)
Request URL: /tabelog_clone/reviews/edit
Stack Trace:
#0 /var/www/html/tabelog_clone/app/webroot/index.php(111): Dispatcher->dispatch(Object(CakeRequest), Object(CakeResponse))
#1 {main}
2016-07-15 03:30:07 Error: Fatal Error (4): syntax error, unexpected 'Controller' (T_STRING), expecting '{' in [/var/www/html/tabelog_clone/app/Controller/ReviewsController.php, line 3]
2016-07-15 03:30:07 Error: [FatalErrorException] syntax error, unexpected 'Controller' (T_STRING), expecting '{'
Request URL: /tabelog_clone/reviews/edit
Stack Trace:
#0 /var/www/html/tabelog_clone/lib/Cake/Error/ErrorHandler.php(213): ErrorHandler::handleFatalError(4, 'syntax error, u...', '/var/www/html/t...', 3)
#1 [internal function]: ErrorHandler::handleError(4, 'syntax error, u...', '/var/www/html/t...', 3, Array)
#2 /var/www/html/tabelog_clone/lib/Cake/Core/App.php(970): call_user_func('ErrorHandler::h...', 4, 'syntax error, u...', '/var/www/html/t...', 3, Array)
#3 /var/www/html/tabelog_clone/lib/Cake/Core/App.php(943): App::_checkFatalError()
#4 [internal function]: App::shutdown()
#5 {main}
2016-07-15 04:18:49 Error: Fatal Error (4): syntax error, unexpected '->' (T_OBJECT_OPERATOR) in [/var/www/html/tabelog_clone/app/Controller/ReviewsController.php, line 9]
2016-07-15 04:18:49 Error: [FatalErrorException] syntax error, unexpected '->' (T_OBJECT_OPERATOR)
Request URL: /tabelog_clone/reviews/edit
Stack Trace:
#0 /var/www/html/tabelog_clone/lib/Cake/Error/ErrorHandler.php(213): ErrorHandler::handleFatalError(4, 'syntax error, u...', '/var/www/html/t...', 9)
#1 [internal function]: ErrorHandler::handleError(4, 'syntax error, u...', '/var/www/html/t...', 9, Array)
#2 /var/www/html/tabelog_clone/lib/Cake/Core/App.php(970): call_user_func('ErrorHandler::h...', 4, 'syntax error, u...', '/var/www/html/t...', 9, Array)
#3 /var/www/html/tabelog_clone/lib/Cake/Core/App.php(943): App::_checkFatalError()
#4 [internal function]: App::shutdown()
#5 {main}
2016-07-15 04:19:44 Error: Fatal Error (4): syntax error, unexpected '->' (T_OBJECT_OPERATOR) in [/var/www/html/tabelog_clone/app/Controller/ReviewsController.php, line 9]
2016-07-15 04:19:44 Error: [FatalErrorException] syntax error, unexpected '->' (T_OBJECT_OPERATOR)
Request URL: /tabelog_clone/reviews/edit
Stack Trace:
#0 /var/www/html/tabelog_clone/lib/Cake/Error/ErrorHandler.php(213): ErrorHandler::handleFatalError(4, 'syntax error, u...', '/var/www/html/t...', 9)
#1 [internal function]: ErrorHandler::handleError(4, 'syntax error, u...', '/var/www/html/t...', 9, Array)
#2 /var/www/html/tabelog_clone/lib/Cake/Core/App.php(970): call_user_func('ErrorHandler::h...', 4, 'syntax error, u...', '/var/www/html/t...', 9, Array)
#3 /var/www/html/tabelog_clone/lib/Cake/Core/App.php(943): App::_checkFatalError()
#4 [internal function]: App::shutdown()
#5 {main}
2016-07-15 04:20:05 Error: [NotFoundException] レストランが見つかりません
Request URL: /tabelog_clone/reviews/edit
Stack Trace:
#0 [internal function]: ReviewsController->edit()
#1 /var/www/html/tabelog_clone/lib/Cake/Controller/Controller.php(491): ReflectionMethod->invokeArgs(Object(ReviewsController), Array)
#2 /var/www/html/tabelog_clone/lib/Cake/Routing/Dispatcher.php(193): Controller->invokeAction(Object(CakeRequest))
#3 /var/www/html/tabelog_clone/lib/Cake/Routing/Dispatcher.php(167): Dispatcher->_invoke(Object(ReviewsController), Object(CakeRequest))
#4 /var/www/html/tabelog_clone/app/webroot/index.php(111): Dispatcher->dispatch(Object(CakeRequest), Object(CakeResponse))
#5 {main}
2016-07-15 04:56:06 Error: Fatal Error (1): Call to a member function save() on a non-object in [/var/www/html/tabelog_clone/app/Controller/ReviewsController.php, line 24]
2016-07-15 04:56:06 Error: [FatalErrorException] Call to a member function save() on a non-object
Request URL: /tabelog_clone/reviews/edit/2
Stack Trace:
#0 /var/www/html/tabelog_clone/lib/Cake/Error/ErrorHandler.php(213): ErrorHandler::handleFatalError(1, 'Call to a membe...', '/var/www/html/t...', 24)
#1 [internal function]: ErrorHandler::handleError(1, 'Call to a membe...', '/var/www/html/t...', 24, Array)
#2 /var/www/html/tabelog_clone/lib/Cake/Core/App.php(970): call_user_func('ErrorHandler::h...', 1, 'Call to a membe...', '/var/www/html/t...', 24, Array)
#3 /var/www/html/tabelog_clone/lib/Cake/Core/App.php(943): App::_checkFatalError()
#4 [internal function]: App::shutdown()
#5 {main}
2016-07-15 04:56:57 Error: [PDOException] SQLSTATE[42000]: Syntax error or access violation: 1064 You have an error in your SQL syntax; check the manual that corresponds to your MySQL server version for the right syntax to use near 'getData' at line 1
Request URL: /tabelog_clone/reviews/edit/2
Stack Trace:
#0 /var/www/html/tabelog_clone/lib/Cake/Model/Datasource/DboSource.php(461): PDOStatement->execute(Array)
#1 /var/www/html/tabelog_clone/lib/Cake/Model/Datasource/DboSource.php(427): DboSource->_execute('getData', Array)
#2 /var/www/html/tabelog_clone/lib/Cake/Model/Datasource/DboSource.php(664): DboSource->execute('getData', Array, Array)
#3 /var/www/html/tabelog_clone/lib/Cake/Model/Datasource/DboSource.php(607): DboSource->fetchAll('getData', Array, Array)
#4 /var/www/html/tabelog_clone/lib/Cake/Model/Model.php(827): DboSource->query('getData', Array, Object(Review))
#5 /var/www/html/tabelog_clone/app/Controller/ReviewsController.php(34): Model->__call('getData', Array)
#6 /var/www/html/tabelog_clone/app/Controller/ReviewsController.php(34): Review->getData('2', '2')
#7 [internal function]: ReviewsController->edit('2')
#8 /var/www/html/tabelog_clone/lib/Cake/Controller/Controller.php(491): ReflectionMethod->invokeArgs(Object(ReviewsController), Array)
#9 /var/www/html/tabelog_clone/lib/Cake/Routing/Dispatcher.php(193): Controller->invokeAction(Object(CakeRequest))
#10 /var/www/html/tabelog_clone/lib/Cake/Routing/Dispatcher.php(167): Dispatcher->_invoke(Object(ReviewsController), Object(CakeRequest))
#11 /var/www/html/tabelog_clone/app/webroot/index.php(111): Dispatcher->dispatch(Object(CakeRequest), Object(CakeResponse))
#12 {main}
2016-07-15 04:57:02 Error: [PDOException] SQLSTATE[42000]: Syntax error or access violation: 1064 You have an error in your SQL syntax; check the manual that corresponds to your MySQL server version for the right syntax to use near 'getData' at line 1
Request URL: /tabelog_clone/reviews/edit/1
Stack Trace:
#0 /var/www/html/tabelog_clone/lib/Cake/Model/Datasource/DboSource.php(461): PDOStatement->execute(Array)
#1 /var/www/html/tabelog_clone/lib/Cake/Model/Datasource/DboSource.php(427): DboSource->_execute('getData', Array)
#2 /var/www/html/tabelog_clone/lib/Cake/Model/Datasource/DboSource.php(664): DboSource->execute('getData', Array, Array)
#3 /var/www/html/tabelog_clone/lib/Cake/Model/Datasource/DboSource.php(607): DboSource->fetchAll('getData', Array, Array)
#4 /var/www/html/tabelog_clone/lib/Cake/Model/Model.php(827): DboSource->query('getData', Array, Object(Review))
#5 /var/www/html/tabelog_clone/app/Controller/ReviewsController.php(34): Model->__call('getData', Array)
#6 /var/www/html/tabelog_clone/app/Controller/ReviewsController.php(34): Review->getData('1', '2')
#7 [internal function]: ReviewsController->edit('1')
#8 /var/www/html/tabelog_clone/lib/Cake/Controller/Controller.php(491): ReflectionMethod->invokeArgs(Object(ReviewsController), Array)
#9 /var/www/html/tabelog_clone/lib/Cake/Routing/Dispatcher.php(193): Controller->invokeAction(Object(CakeRequest))
#10 /var/www/html/tabelog_clone/lib/Cake/Routing/Dispatcher.php(167): Dispatcher->_invoke(Object(ReviewsController), Object(CakeRequest))
#11 /var/www/html/tabelog_clone/app/webroot/index.php(111): Dispatcher->dispatch(Object(CakeRequest), Object(CakeResponse))
#12 {main}
